<?xml version="1.0" encoding="UTF-8" ?>
<testsuite errors="2" failures="0" hostname="dac-17" name="primkruskal.KekoTest" tests="10" time="0.135" timestamp="2011-06-07T08:23:46">
  <properties>
[...]
</properties>
  <testcase classname="primkruskal.KekoTest" name="testLuoKeko" time="0.0050" />
  <testcase classname="primkruskal.KekoTest" name="testInsertYksi" time="0.0010" />
  <testcase classname="primkruskal.KekoTest" name="testInsertUseampi" time="0.0010" />
  <testcase classname="primkruskal.KekoTest" name="testInsertSama" time="0.0" />
  <testcase classname="primkruskal.KekoTest" name="testUpdate" time="0.0060">
    <error type="java.lang.NullPointerException">java.lang.NullPointerException
	at primkruskal.Keko.updateSolmu(Keko.java:155)
	at primkruskal.KekoTest.testUpdate(KekoTest.java:134)
</error>
  </testcase>
  <testcase classname="primkruskal.KekoTest" name="testKruskalInsert" time="0.0010" />
  <testcase classname="primkruskal.KekoTest" name="testKruskalInsertMonta" time="0.0030" />
  <testcase classname="primkruskal.KekoTest" name="testKruskalpoista" time="0.0070" />
  <testcase classname="primkruskal.KekoTest" name="testKruskalPoistaMinimi" time="0.0090">
    <error type="java.lang.NullPointerException">java.lang.NullPointerException
	at primkruskal.Keko.swap(Keko.java:132)
	at primkruskal.Keko.heapify(Keko.java:60)
	at primkruskal.KekoTest.testKruskalPoistaMinimi(KekoTest.java:208)
</error>
  </testcase>
  <testcase classname="primkruskal.KekoTest" name="SwapTest" time="0.0020" />
  <system-out><![CDATA[lisataan yksi solmu

lisataan useampi solmu
[2]2, [3]0, [4]0, [5]8, [6]0, [7]10, [8]8, [9]14, 
lisataan samoja solmuja
[2]10, 
paivitetaan solmuja
lisataan Kruskal kekoon solmu

lisataan Kruskal kekoon solmuja
[2]0, [3]0, [4]10, [5]0, [6]10, [7]40, [8]10, [9]50, [10]0, [11]60, [12]30, [13]70, [14]100, [15]110, 
Poistetaan Kruskal keosta solmuja
[2]0, [3]0, [8]0, [5]10, [6]0, [7]20, [4]10, [9]10, [10]40, [11]0, [12]70, [13]80, [14]50, [15]50, 
Poistettiin: 0
[16]80, [3]0, [8]0, [5]10, [6]0, [7]20, [4]10, [9]10, [10]40, [11]0, [12]70, [13]80, [14]50, 
Poistettiin: 80
[15]50, [3]0, [8]0, [5]10, [6]0, [7]20, [4]10, [9]10, [10]40, [11]0, [12]70, [13]80, 
Poistettiin: 50
[14]50, [3]0, [8]0, [5]10, [6]0, [7]20, [4]10, [9]10, [10]40, [11]0, [12]70, 
Poistettiin: 50
[13]80, [3]0, [8]0, [5]10, [6]0, [7]20, [4]10, [9]10, [10]40, [11]0, 
Poistettiin: 80
[12]70, [3]0, [8]0, [5]10, [6]0, [7]20, [4]10, [9]10, [10]40, 
Poistettiin: 70
[11]0, [3]0, [8]0, [5]10, [6]0, [7]20, [4]10, [9]10, 
Poistettiin: 0
[10]40, [3]0, [8]0, [5]10, [6]0, [7]20, [4]10, 
Poistettiin: 40
[9]10, [3]0, [8]0, [5]10, [6]0, [7]20, 
Poistettiin: 10
[4]10, [3]0, [8]0, [5]10, [6]0, 
Poistettiin: 10
[7]20, [3]0, [8]0, [5]10, 
poistetaan kruskal keosta solmu
[1]2, [2]4, [3]6, [4]8, 
swap test
[1]2, [2]4, [3]6, [4]8, 
[2]4, [1]2, [3]6, [4]8, 
]]></system-out>
  <system-err><![CDATA[]]></system-err>
</testsuite>
