<?xml version="1.0" encoding="UTF-8" ?>
<testsuite errors="1" failures="0" hostname="herkko-desktop" name="primkruskal.KekoTest" tests="8" time="0.084" timestamp="2011-06-06T18:43:52">
  <properties>
[...]
</properties>
  <testcase classname="primkruskal.KekoTest" name="testLuoKeko" time="0.003" />
  <testcase classname="primkruskal.KekoTest" name="testInsertYksi" time="0.002" />
  <testcase classname="primkruskal.KekoTest" name="testInsertUseampi" time="0.001" />
  <testcase classname="primkruskal.KekoTest" name="testInsertSama" time="0.001" />
  <testcase classname="primkruskal.KekoTest" name="testUpdate" time="0.008">
    <error type="java.lang.NullPointerException">java.lang.NullPointerException
	at primkruskal.Keko.updateSolmu(Keko.java:153)
	at primkruskal.KekoTest.testUpdate(KekoTest.java:134)
</error>
  </testcase>
  <testcase classname="primkruskal.KekoTest" name="testKruskalInsert" time="0.001" />
  <testcase classname="primkruskal.KekoTest" name="testKruskalInsertMonta" time="0.002" />
  <testcase classname="primkruskal.KekoTest" name="testKruskalpoista" time="0.01" />
  <system-out><![CDATA[lisataan yksi solmu

lisataan useampi solmu
[2]0, [3]2, [4]6, [5]6, [6]4, [7]8, [8]14, [9]4, 
lisataan samoja solmuja
[2]0, 
paivitetaan solmuja
lisataan Kruskal kekoon solmu

lisataan Kruskal kekoon solmuja
[2]0, [3]0, [4]0, [5]0, [12]20, [13]0, [8]20, [9]60, [10]30, [11]60, [6]30, [7]40, [14]30, [15]40, 
Poistetaan Kruskal keosta solmuja
[2]0, [3]0, [4]10, [9]0, [11]20, [7]20, [8]30, [5]20, [10]10, [6]30, [12]50, [13]30, [14]100, [15]80, 
Poistettiin: 0
[16]40, [3]0, [4]10, [9]0, [11]20, [7]20, [8]30, [5]20, [10]10, [6]30, [12]50, [13]30, [14]100, 
Poistettiin: 40
[15]80, [3]0, [4]10, [9]0, [11]20, [7]20, [8]30, [5]20, [10]10, [6]30, [12]50, [13]30, 
Poistettiin: 80
[14]100, [3]0, [4]10, [9]0, [11]20, [7]20, [8]30, [5]20, [10]10, [6]30, [12]50, 
Poistettiin: 100
[13]30, [3]0, [4]10, [9]0, [11]20, [7]20, [8]30, [5]20, [10]10, [6]30, 
Poistettiin: 30
[12]50, [3]0, [4]10, [9]0, [11]20, [7]20, [8]30, [5]20, [10]10, 
Poistettiin: 50
[6]30, [3]0, [4]10, [9]0, [11]20, [7]20, [8]30, [5]20, 
Poistettiin: 30
[10]10, [3]0, [4]10, [9]0, [11]20, [7]20, [8]30, 
Poistettiin: 10
[5]20, [3]0, [4]10, [9]0, [11]20, [7]20, 
Poistettiin: 20
[8]30, [3]0, [4]10, [9]0, [11]20, 
Poistettiin: 30
[7]20, [3]0, [4]10, [9]0, 
]]></system-out>
  <system-err><![CDATA[]]></system-err>
</testsuite>
